        -:    0:Source:dominion.c
        -:    0:Graph:dominion.gcno
        -:    0:Data:dominion.gcda
        -:    0:Runs:4
        -:    0:Programs:3
        -:    1:#include "dominion.h"
        -:    2:#include "dominion_helpers.h"
        -:    3:#include "rngs.h"
        -:    4:#include <stdio.h>
        -:    5:#include <math.h>
        -:    6:#include <stdlib.h>
        -:    7:
 53388271:    8:int compare(const void* a, const void* b) {
 53388271:    9:  if (*(int*)a > *(int*)b)
 17358968:   10:    return 1;
 36029303:   11:  if (*(int*)a < *(int*)b)
 10952779:   12:    return -1;
 25076524:   13:  return 0;
        -:   14:}
        -:   15:
    #####:   16:struct gameState* newGame() {
    #####:   17:  struct gameState* g = malloc(sizeof(struct gameState));
    #####:   18:  return g;
        -:   19:}
        -:   20:
    #####:   21:int* kingdomCards(int k1, int k2, int k3, int k4, int k5, int k6, int k7,
        -:   22:		  int k8, int k9, int k10) {
    #####:   23:  int* k = malloc(10 * sizeof(int));
    #####:   24:  k[0] = k1;
    #####:   25:  k[1] = k2;
    #####:   26:  k[2] = k3;
    #####:   27:  k[3] = k4;
    #####:   28:  k[4] = k5;
    #####:   29:  k[5] = k6;
    #####:   30:  k[6] = k7;
    #####:   31:  k[7] = k8;
    #####:   32:  k[8] = k9;
    #####:   33:  k[9] = k10;
    #####:   34:  return k;
        -:   35:}
        -:   36:
   400000:   37:int initializeGame(int numPlayers, int kingdomCards[10], int randomSeed,
        -:   38:		   struct gameState *state) {
        -:   39:
        -:   40:  int i;
        -:   41:  int j;
        -:   42:  int it;			
        -:   43:  //set up random number generator
   400000:   44:  SelectStream(1);
   400000:   45:  PutSeed((long)randomSeed);
        -:   46:  
        -:   47:  //check number of players
   400000:   48:  if (numPlayers > MAX_PLAYERS || numPlayers < 2)
        -:   49:    {
    #####:   50:      return -1;
        -:   51:    }
        -:   52:
        -:   53:  //set number of players
   400000:   54:  state->numPlayers = numPlayers;
        -:   55:
        -:   56:  //check selected kingdom cards are different
  4400000:   57:  for (i = 0; i < 10; i++)
        -:   58:    {
 44000000:   59:      for (j = 0; j < 10; j++)
        -:   60:        {
 40000000:   61:	  if (j != i && kingdomCards[j] == kingdomCards[i])
        -:   62:	    {
    #####:   63:	      return -1;
        -:   64:	    }
        -:   65:        }
        -:   66:    }
        -:   67:
        -:   68:
        -:   69:  //initialize supply
        -:   70:  ///////////////////////////////
        -:   71:
        -:   72:  //set number of Curse cards
   400000:   73:  if (numPlayers == 2)
        -:   74:    {
   132904:   75:      state->supplyCount[curse] = 10;
        -:   76:    }
   267096:   77:  else if (numPlayers == 3)
        -:   78:    {
   133665:   79:      state->supplyCount[curse] = 20;
        -:   80:    }
        -:   81:  else
        -:   82:    {
   133431:   83:      state->supplyCount[curse] = 30;
        -:   84:    }
        -:   85:
        -:   86:  //set number of Victory cards
   400000:   87:  if (numPlayers == 2)
        -:   88:    {
   132904:   89:      state->supplyCount[estate] = 8;
   132904:   90:      state->supplyCount[duchy] = 8;
   132904:   91:      state->supplyCount[province] = 8;
        -:   92:    }
        -:   93:  else
        -:   94:    {
   267096:   95:      state->supplyCount[estate] = 12;
   267096:   96:      state->supplyCount[duchy] = 12;
   267096:   97:      state->supplyCount[province] = 12;
        -:   98:    }
        -:   99:
        -:  100:  //set number of Treasure cards
   400000:  101:  state->supplyCount[copper] = 60 - (7 * numPlayers);
   400000:  102:  state->supplyCount[silver] = 40;
   400000:  103:  state->supplyCount[gold] = 30;
        -:  104:
        -:  105:  //set number of Kingdom cards
  8400000:  106:  for (i = adventurer; i <= treasure_map; i++)       	//loop all cards
        -:  107:    {
 66000000:  108:      for (j = 0; j < 10; j++)           		//loop chosen cards
        -:  109:	{
 62000000:  110:	  if (kingdomCards[j] == i)
        -:  111:	    {
        -:  112:	      //check if card is a 'Victory' Kingdom card
  4000000:  113:	      if (kingdomCards[j] == great_hall || kingdomCards[j] == gardens)
        -:  114:		{
   800000:  115:		  if (numPlayers == 2){ 
   132904:  116:		    state->supplyCount[i] = 8; 
        -:  117:		  }
   267096:  118:		  else{ state->supplyCount[i] = 12; }
        -:  119:		}
        -:  120:	      else
        -:  121:		{
  3600000:  122:		  state->supplyCount[i] = 10;
        -:  123:		}
  4000000:  124:	      break;
        -:  125:	    }
        -:  126:	  else    //card is not in the set choosen for the game
        -:  127:	    {
 58000000:  128:	      state->supplyCount[i] = -1;
        -:  129:	    }
        -:  130:	}
        -:  131:
        -:  132:    }
        -:  133:
        -:  134:  ////////////////////////
        -:  135:  //supply intilization complete
        -:  136:
        -:  137:  //set player decks
  1600527:  138:  for (i = 0; i < numPlayers; i++)
        -:  139:    {
  1200527:  140:      state->deckCount[i] = 0;
  4802108:  141:      for (j = 0; j < 3; j++)
        -:  142:	{
  3601581:  143:	  state->deck[i][j] = estate;
  3601581:  144:	  state->deckCount[i]++;
        -:  145:	}
  9604216:  146:      for (j = 3; j < 10; j++)
        -:  147:	{
  8403689:  148:	  state->deck[i][j] = copper;
  8403689:  149:	  state->deckCount[i]++;		
        -:  150:	}
        -:  151:    }
        -:  152:
        -:  153:  //shuffle player decks
  1600527:  154:  for (i = 0; i < numPlayers; i++)
        -:  155:    {
  1200527:  156:      if ( shuffle(i, state) < 0 )
        -:  157:	{
    #####:  158:	  return -1;
        -:  159:	}
        -:  160:    }
        -:  161:
        -:  162:  //draw player hands
  1600527:  163:  for (i = 0; i < numPlayers; i++)
        -:  164:    {  
        -:  165:      //initialize hand size to zero
  1200527:  166:      state->handCount[i] = 0;
  1200527:  167:      state->discardCount[i] = 0;
        -:  168:      //draw 5 cards
        -:  169:      // for (j = 0; j < 5; j++)
        -:  170:      //	{
        -:  171:      //	  drawCard(i, state);
        -:  172:      //	}
        -:  173:    }
        -:  174:  
        -:  175:  //set embargo tokens to 0 for all supply piles
 11200000:  176:  for (i = 0; i <= treasure_map; i++)
        -:  177:    {
 10800000:  178:      state->embargoTokens[i] = 0;
        -:  179:    }
        -:  180:
        -:  181:  //initialize first player's turn
   400000:  182:  state->outpostPlayed = 0;
   400000:  183:  state->phase = 0;
   400000:  184:  state->numActions = 1;
   400000:  185:  state->numBuys = 1;
   400000:  186:  state->playedCardCount = 0;
   400000:  187:  state->whoseTurn = 0;
   400000:  188:  state->handCount[state->whoseTurn] = 0;
        -:  189:  //int it; move to top
        -:  190:
        -:  191:  //Moved draw cards to here, only drawing at the start of a turn
  2400000:  192:  for (it = 0; it < 5; it++){
  2000000:  193:    drawCard(state->whoseTurn, state);
        -:  194:  }
        -:  195:
   400000:  196:  updateCoins(state->whoseTurn, state, 0);
        -:  197:
   400000:  198:  return 0;
        -:  199:}
        -:  200:
  1286201:  201:int shuffle(int player, struct gameState *state) {
        -:  202: 
        -:  203:
        -:  204:  int newDeck[MAX_DECK];
  1286201:  205:  int newDeckPos = 0;
        -:  206:  int card;
        -:  207:  int i;
        -:  208:
  1286201:  209:  if (state->deckCount[player] < 1)
    37651:  210:    return -1;
  1248550:  211:  qsort ((void*)(state->deck[player]), state->deckCount[player], sizeof(int), compare); 
        -:  212:  /* SORT CARDS IN DECK TO ENSURE DETERMINISM! */
        -:  213:
 20102159:  214:  while (state->deckCount[player] > 0) {
 17605059:  215:    card = floor(Random() * state->deckCount[player]);
 17605059:  216:    newDeck[newDeckPos] = state->deck[player][card];
 17605059:  217:    newDeckPos++;
396397129:  218:    for (i = card; i < state->deckCount[player]-1; i++) {
378792070:  219:      state->deck[player][i] = state->deck[player][i+1];
        -:  220:    }
 17605059:  221:    state->deckCount[player]--;
        -:  222:  }
 18853609:  223:  for (i = 0; i < newDeckPos; i++) {
 17605059:  224:    state->deck[player][i] = newDeck[i];
 17605059:  225:    state->deckCount[player]++;
        -:  226:  }
        -:  227:
  1248550:  228:  return 0;
        -:  229:}
        -:  230:
    #####:  231:int playCard(int handPos, int choice1, int choice2, int choice3, struct gameState *state) 
        -:  232:{	
        -:  233:  int card;
    #####:  234:  int coin_bonus = 0; 		//tracks coins gain from actions
        -:  235:
        -:  236:  //check if it is the right phase
    #####:  237:  if (state->phase != 0)
        -:  238:    {
    #####:  239:      return -1;
        -:  240:    }
        -:  241:	
        -:  242:  //check if player has enough actions
    #####:  243:  if ( state->numActions < 1 )
        -:  244:    {
    #####:  245:      return -1;
        -:  246:    }
        -:  247:	
        -:  248:  //get card played
    #####:  249:  card = handCard(handPos, state);
        -:  250:	
        -:  251:  //check if selected card is an action
    #####:  252:  if ( card < adventurer || card > treasure_map )
        -:  253:    {
    #####:  254:      return -1;
        -:  255:    }
        -:  256:	
        -:  257:  //play card
    #####:  258:  if ( cardEffect(card, choice1, choice2, choice3, state, handPos, &coin_bonus) < 0 )
        -:  259:    {
    #####:  260:      return -1;
        -:  261:    }
        -:  262:	
        -:  263:  //reduce number of actions
    #####:  264:  state->numActions--;
        -:  265:
        -:  266:  //update coins (Treasure cards may be added with card draws)
    #####:  267:  updateCoins(state->whoseTurn, state, coin_bonus);
        -:  268:	
    #####:  269:  return 0;
        -:  270:}
        -:  271:
    #####:  272:int buyCard(int supplyPos, struct gameState *state) {
        -:  273:  int who;
        -:  274:  if (DEBUG){
        -:  275:    printf("Entering buyCard...\n");
        -:  276:  }
        -:  277:
        -:  278:  // I don't know what to do about the phase thing.
        -:  279:
    #####:  280:  who = state->whoseTurn;
        -:  281:
    #####:  282:  if (state->numBuys < 1){
        -:  283:    if (DEBUG)
        -:  284:      printf("You do not have any buys left\n");
    #####:  285:    return -1;
    #####:  286:  } else if (supplyCount(supplyPos, state) <1){
        -:  287:    if (DEBUG)
        -:  288:      printf("There are not any of that type of card left\n");
    #####:  289:    return -1;
    #####:  290:  } else if (state->coins < getCost(supplyPos)){
        -:  291:    if (DEBUG) 
        -:  292:      printf("You do not have enough money to buy that. You have %d coins.\n", state->coins);
    #####:  293:    return -1;
        -:  294:  } else {
    #####:  295:    state->phase=1;
        -:  296:    //state->supplyCount[supplyPos]--;
    #####:  297:    gainCard(supplyPos, state, 0, who); //card goes in discard, this might be wrong.. (2 means goes into hand, 0 goes into discard)
        -:  298:  
    #####:  299:    state->coins = (state->coins) - (getCost(supplyPos));
    #####:  300:    state->numBuys--;
        -:  301:    if (DEBUG)
        -:  302:      printf("You bought card number %d for %d coins. You now have %d buys and %d coins.\n", supplyPos, getCost(supplyPos), state->numBuys, state->coins);
        -:  303:  }
        -:  304:
        -:  305:  //state->discard[who][state->discardCount[who]] = supplyPos;
        -:  306:  //state->discardCount[who]++;
        -:  307:    
    #####:  308:  return 0;
        -:  309:}
        -:  310:
    #####:  311:int numHandCards(struct gameState *state) {
    #####:  312:  return state->handCount[ whoseTurn(state) ];
        -:  313:}
        -:  314:
    #####:  315:int handCard(int handPos, struct gameState *state) {
    #####:  316:  int currentPlayer = whoseTurn(state);
    #####:  317:  return state->hand[currentPlayer][handPos];
        -:  318:}
        -:  319:
    #####:  320:int supplyCount(int card, struct gameState *state) {
    #####:  321:  return state->supplyCount[card];
        -:  322:}
        -:  323:
   600000:  324:int fullDeckCount(int player, int card, struct gameState *state) {
        -:  325:  int i;
   600000:  326:  int count = 0;
        -:  327:
 41997093:  328:  for (i = 0; i < state->deckCount[player]; i++)
        -:  329:    {
 41397093:  330:      if (state->deck[player][i] == card) count++;
        -:  331:    }
        -:  332:
151522626:  333:  for (i = 0; i < state->handCount[player]; i++)
        -:  334:    {
150922626:  335:      if (state->hand[player][i] == card) count++;
        -:  336:    }
        -:  337:
 70854033:  338:  for (i = 0; i < state->discardCount[player]; i++)
        -:  339:    {
 70254033:  340:      if (state->discard[player][i] == card) count++;
        -:  341:    }
        -:  342:
   600000:  343:  return count;
        -:  344:}
        -:  345:
   400000:  346:int whoseTurn(struct gameState *state) {
   400000:  347:  return state->whoseTurn;
        -:  348:}
        -:  349:
    #####:  350:int endTurn(struct gameState *state) {
        -:  351:  int k;
        -:  352:  int i;
    #####:  353:  int currentPlayer = whoseTurn(state);
        -:  354:  
        -:  355:  //Discard hand
    #####:  356:  for (i = 0; i < state->handCount[currentPlayer]; i++){
    #####:  357:    state->discard[currentPlayer][state->discardCount[currentPlayer]++] = state->hand[currentPlayer][i];//Discard
    #####:  358:    state->hand[currentPlayer][i] = -1;//Set card to -1
        -:  359:  }
    #####:  360:  state->handCount[currentPlayer] = 0;//Reset hand count
        -:  361:    
        -:  362:  //Code for determining the player
    #####:  363:  if (currentPlayer < (state->numPlayers - 1)){ 
    #####:  364:    state->whoseTurn = currentPlayer + 1;//Still safe to increment
        -:  365:  }
        -:  366:  else{
    #####:  367:    state->whoseTurn = 0;//Max player has been reached, loop back around to player 1
        -:  368:  }
        -:  369:
    #####:  370:  state->outpostPlayed = 0;
    #####:  371:  state->phase = 0;
    #####:  372:  state->numActions = 1;
    #####:  373:  state->coins = 0;
    #####:  374:  state->numBuys = 1;
    #####:  375:  state->playedCardCount = 0;
    #####:  376:  state->handCount[state->whoseTurn] = 0;
        -:  377:
        -:  378:  //int k; move to top
        -:  379:  //Next player draws hand
    #####:  380:  for (k = 0; k < 5; k++){
    #####:  381:    drawCard(state->whoseTurn, state);//Draw a card
        -:  382:  }
        -:  383:
        -:  384:  //Update money
    #####:  385:  updateCoins(state->whoseTurn, state , 0);
        -:  386:
    #####:  387:  return 0;
        -:  388:}
        -:  389:
    #####:  390:int isGameOver(struct gameState *state) {
        -:  391:  int i;
        -:  392:  int j;
        -:  393:	
        -:  394:  //if stack of Province cards is empty, the game ends
    #####:  395:  if (state->supplyCount[province] == 0)
        -:  396:    {
    #####:  397:      return 1;
        -:  398:    }
        -:  399:
        -:  400:  //if three supply pile are at 0, the game ends
    #####:  401:  j = 0;
    #####:  402:  for (i = 0; i < 25; i++)
        -:  403:    {
    #####:  404:      if (state->supplyCount[i] == 0)
        -:  405:	{
    #####:  406:	  j++;
        -:  407:	}
        -:  408:    }
    #####:  409:  if ( j >= 3)
        -:  410:    {
    #####:  411:      return 1;
        -:  412:    }
        -:  413:
    #####:  414:  return 0;
        -:  415:}
        -:  416:
    #####:  417:int scoreFor (int player, struct gameState *state) {
        -:  418:
        -:  419:  int i;
    #####:  420:  int score = 0;
        -:  421:  //score from hand
    #####:  422:  for (i = 0; i < state->handCount[player]; i++)
        -:  423:    {
    #####:  424:      if (state->hand[player][i] == curse) { score = score - 1; };
    #####:  425:      if (state->hand[player][i] == estate) { score = score + 1; };
    #####:  426:      if (state->hand[player][i] == duchy) { score = score + 3; };
    #####:  427:      if (state->hand[player][i] == province) { score = score + 6; };
    #####:  428:      if (state->hand[player][i] == great_hall) { score = score + 1; };
    #####:  429:      if (state->hand[player][i] == gardens) { score = score + ( fullDeckCount(player, 0, state) / 10 ); };
        -:  430:    }
        -:  431:
        -:  432:  //score from discard
    #####:  433:  for (i = 0; i < state->discardCount[player]; i++)
        -:  434:    {
    #####:  435:      if (state->discard[player][i] == curse) { score = score - 1; };
    #####:  436:      if (state->discard[player][i] == estate) { score = score + 1; };
    #####:  437:      if (state->discard[player][i] == duchy) { score = score + 3; };
    #####:  438:      if (state->discard[player][i] == province) { score = score + 6; };
    #####:  439:      if (state->discard[player][i] == great_hall) { score = score + 1; };
    #####:  440:      if (state->discard[player][i] == gardens) { score = score + ( fullDeckCount(player, 0, state) / 10 ); };
        -:  441:    }
        -:  442:
        -:  443:  //score from deck
    #####:  444:  for (i = 0; i < state->discardCount[player]; i++)
        -:  445:    {
    #####:  446:      if (state->deck[player][i] == curse) { score = score - 1; };
    #####:  447:      if (state->deck[player][i] == estate) { score = score + 1; };
    #####:  448:      if (state->deck[player][i] == duchy) { score = score + 3; };
    #####:  449:      if (state->deck[player][i] == province) { score = score + 6; };
    #####:  450:      if (state->deck[player][i] == great_hall) { score = score + 1; };
    #####:  451:      if (state->deck[player][i] == gardens) { score = score + ( fullDeckCount(player, 0, state) / 10 ); };
        -:  452:    }
        -:  453:
    #####:  454:  return score;
        -:  455:}
        -:  456:
    #####:  457:int getWinners(int players[MAX_PLAYERS], struct gameState *state) {
        -:  458:  int i;	
        -:  459:  int j;
        -:  460:  int highScore;
        -:  461:  int currentPlayer;
        -:  462:
        -:  463:  //get score for each player
    #####:  464:  for (i = 0; i < MAX_PLAYERS; i++)
        -:  465:    {
        -:  466:      //set unused player scores to -9999
    #####:  467:      if (i >= state->numPlayers)
        -:  468:	{
    #####:  469:	  players[i] = -9999;
        -:  470:	}
        -:  471:      else
        -:  472:	{
    #####:  473:	  players[i] = scoreFor (i, state);
        -:  474:	}
        -:  475:    }
        -:  476:
        -:  477:  //find highest score
    #####:  478:  j = 0;
    #####:  479:  for (i = 0; i < MAX_PLAYERS; i++)
        -:  480:    {
    #####:  481:      if (players[i] > players[j])
        -:  482:	{
    #####:  483:	  j = i;
        -:  484:	}
        -:  485:    }
    #####:  486:  highScore = players[j];
        -:  487:
        -:  488:  //add 1 to players who had less turns
    #####:  489:  currentPlayer = whoseTurn(state);
    #####:  490:  for (i = 0; i < MAX_PLAYERS; i++)
        -:  491:    {
    #####:  492:      if ( players[i] == highScore && i > currentPlayer )
        -:  493:	{
    #####:  494:	  players[i]++;
        -:  495:	}
        -:  496:    }
        -:  497:
        -:  498:  //find new highest score
    #####:  499:  j = 0;
    #####:  500:  for (i = 0; i < MAX_PLAYERS; i++)
        -:  501:    {
    #####:  502:      if ( players[i] > players[j] )
        -:  503:	{
    #####:  504:	  j = i;
        -:  505:	}
        -:  506:    }
    #####:  507:  highScore = players[j];
        -:  508:
        -:  509:  //set winners in array to 1 and rest to 0
    #####:  510:  for (i = 0; i < MAX_PLAYERS; i++)
        -:  511:    {
    #####:  512:      if ( players[i] == highScore )
        -:  513:	{
    #####:  514:	  players[i] = 1;
        -:  515:	}
        -:  516:      else
        -:  517:	{
    #####:  518:	  players[i] = 0;
        -:  519:	}
        -:  520:    }
        -:  521:
    #####:  522:  return 0;
        -:  523:}
        -:  524:
  3717130:  525:int drawCard(int player, struct gameState *state)
        -:  526:{	int count;
        -:  527:  int deckCounter;
  3717130:  528:  if (state->deckCount[player] <= 0){//Deck is empty
        -:  529:    
        -:  530:    //Step 1 Shuffle the discard pile back into a deck
        -:  531:    int i;
        -:  532:    //Move discard to deck
  5661277:  533:    for (i = 0; i < state->discardCount[player];i++){
  5599789:  534:      state->deck[player][i] = state->discard[player][i];
  5599789:  535:      state->discard[player][i] = -1;
        -:  536:    }
        -:  537:
    61488:  538:    state->deckCount[player] = state->discardCount[player];
    61488:  539:    state->discardCount[player] = 0;//Reset discard
        -:  540:
        -:  541:    //Shufffle the deck
    61488:  542:    shuffle(player, state);//Shuffle the deck up and make it so that we can draw
        -:  543:   
        -:  544:    if (DEBUG){//Debug statements
        -:  545:      printf("Deck count now: %d\n", state->deckCount[player]);
        -:  546:    }
        -:  547:    
    61488:  548:    state->discardCount[player] = 0;
        -:  549:
        -:  550:    //Step 2 Draw Card
    61488:  551:    count = state->handCount[player];//Get current player's hand count
        -:  552:    
        -:  553:    if (DEBUG){//Debug statements
        -:  554:      printf("Current hand count: %d\n", count);
        -:  555:    }
        -:  556:    
    61488:  557:    deckCounter = state->deckCount[player];//Create a holder for the deck count
        -:  558:
    61488:  559:    if (deckCounter == 0)
    13465:  560:      return -1;
        -:  561:
    48023:  562:    state->hand[player][count] = state->deck[player][deckCounter - 1];//Add card to hand
    48023:  563:    state->deckCount[player]--;
    48023:  564:    state->handCount[player]++;//Increment hand count
        -:  565:  }
        -:  566:
        -:  567:  else{
  3655642:  568:    int count = state->handCount[player];//Get current hand count for player
        -:  569:    int deckCounter;
        -:  570:    if (DEBUG){//Debug statements
        -:  571:      printf("Current hand count: %d\n", count);
        -:  572:    }
        -:  573:
  3655642:  574:    deckCounter = state->deckCount[player];//Create holder for the deck count
  3655642:  575:    state->hand[player][count] = state->deck[player][deckCounter - 1];//Add card to the hand
  3655642:  576:    state->deckCount[player]--;
  3655642:  577:    state->handCount[player]++;//Increment hand count
        -:  578:  }
        -:  579:
  3703665:  580:  return 0;
        -:  581:}
        -:  582:
    #####:  583:int getCost(int cardNumber)
        -:  584:{
    #####:  585:  switch( cardNumber ) 
        -:  586:    {
        -:  587:    case curse:
    #####:  588:      return 0;
        -:  589:    case estate:
    #####:  590:      return 2;
        -:  591:    case duchy:
    #####:  592:      return 5;
        -:  593:    case province:
    #####:  594:      return 8;
        -:  595:    case copper:
    #####:  596:      return 0;
        -:  597:    case silver:
    #####:  598:      return 3;
        -:  599:    case gold:
    #####:  600:      return 6;
        -:  601:    case adventurer:
    #####:  602:      return 6;
        -:  603:    case council_room:
    #####:  604:      return 5;
        -:  605:    case feast:
    #####:  606:      return 4;
        -:  607:    case gardens:
    #####:  608:      return 4;
        -:  609:    case mine:
    #####:  610:      return 5;
        -:  611:    case remodel:
    #####:  612:      return 4;
        -:  613:    case smithy:
    #####:  614:      return 4;
        -:  615:    case village:
    #####:  616:      return 3;
        -:  617:    case baron:
    #####:  618:      return 4;
        -:  619:    case great_hall:
    #####:  620:      return 3;
        -:  621:    case minion:
    #####:  622:      return 5;
        -:  623:    case steward:
    #####:  624:      return 3;
        -:  625:    case tribute:
    #####:  626:      return 5;
        -:  627:    case ambassador:
    #####:  628:      return 3;
        -:  629:    case cutpurse:
    #####:  630:      return 4;
        -:  631:    case embargo: 
    #####:  632:      return 2;
        -:  633:    case outpost:
    #####:  634:      return 5;
        -:  635:    case salvager:
    #####:  636:      return 4;
        -:  637:    case sea_hag:
    #####:  638:      return 4;
        -:  639:    case treasure_map:
    #####:  640:      return 4;
        -:  641:    }
        -:  642:	
    #####:  643:  return -1;
        -:  644:}
        -:  645:
   400000:  646:int cardEffect(int card, int choice1, int choice2, int choice3, struct gameState *state, int handPos, int *bonus)
        -:  647:{
        -:  648:  int i;
        -:  649:  int j;
        -:  650:  int k;
        -:  651:  int x;
        -:  652:  int index;
   400000:  653:  int currentPlayer = whoseTurn(state);
   400000:  654:  int nextPlayer = currentPlayer + 1;
        -:  655:
   400000:  656:  int tributeRevealedCards[2] = {-1, -1};
        -:  657:  int temphand[MAX_HAND];// moved above the if statement
   400000:  658:  int drawntreasure=0;
        -:  659:  int cardDrawn;
   400000:  660:  int z = 0;// this is the counter for the temp hand
   400000:  661:  if (nextPlayer > (state->numPlayers - 1)){
   243802:  662:    nextPlayer = 0;
        -:  663:  }
        -:  664:  
        -:  665:	
        -:  666:  //uses switch to select card and perform actions
   400000:  667:  switch( card ) 
        -:  668:    {
        -:  669:    case adventurer:
   100000:  670:      adventurerEffect(drawntreasure, state, currentPlayer, cardDrawn, temphand, z);
        -:  671: //      while(drawntreasure<2){
        -:  672:	// if (state->deckCount[currentPlayer] <1){//if the deck is empty we need to shuffle discard and add to deck
        -:  673:	//   shuffle(currentPlayer, state);
        -:  674:	// }
        -:  675:	// drawCard(currentPlayer, state);
        -:  676:	// cardDrawn = state->hand[currentPlayer][state->handCount[currentPlayer]-1];//top card of hand is most recently drawn card.
        -:  677:	// if (cardDrawn == copper || cardDrawn == silver || cardDrawn == gold)
        -:  678:	//   drawntreasure++;
        -:  679:	// else{
        -:  680:	//   temphand[z]=cardDrawn;
        -:  681:	//   state->handCount[currentPlayer]--; //this should just remove the top card (the most recently drawn one).
        -:  682:	//   z++;
        -:  683:	// }
        -:  684: //      }
        -:  685: //      while(z-1>=0){
        -:  686:	// state->discard[currentPlayer][state->discardCount[currentPlayer]++]=temphand[z-1]; // discard all cards in play that have been drawn
        -:  687:	// z=z-1;
        -:  688: //      }
   100000:  689:      return 0;
        -:  690:			
        -:  691:    case council_room:
        -:  692:      //+4 Cards
    #####:  693:      for (i = 0; i < 4; i++)
        -:  694:	{
    #####:  695:	  drawCard(currentPlayer, state);
        -:  696:	}
        -:  697:			
        -:  698:      //+1 Buy
    #####:  699:      state->numBuys++;
        -:  700:			
        -:  701:      //Each other player draws a card
    #####:  702:      for (i = 0; i < state->numPlayers; i++)
        -:  703:	{
    #####:  704:	  if ( i != currentPlayer )
        -:  705:	    {
    #####:  706:	      drawCard(i, state);
        -:  707:	    }
        -:  708:	}
        -:  709:			
        -:  710:      //put played card in played card pile
    #####:  711:      discardCard(handPos, currentPlayer, state, 0);
        -:  712:			
    #####:  713:      return 0;
        -:  714:			
        -:  715:    case feast:
        -:  716:      //gain card with cost up to 5
        -:  717:      //Backup hand
    #####:  718:      for (i = 0; i <= state->handCount[currentPlayer]; i++){
    #####:  719:	temphand[i] = state->hand[currentPlayer][i];//Backup card
    #####:  720:	state->hand[currentPlayer][i] = -1;//Set to nothing
        -:  721:      }
        -:  722:      //Backup hand
        -:  723:
        -:  724:      //Update Coins for Buy
    #####:  725:      updateCoins(currentPlayer, state, 5);
    #####:  726:      x = 1;//Condition to loop on
    #####:  727:      while( x == 1) {//Buy one card
    #####:  728:	if (supplyCount(choice1, state) <= 0){
        -:  729:	  if (DEBUG)
        -:  730:	    printf("None of that card left, sorry!\n");
        -:  731:
        -:  732:	  if (DEBUG){
        -:  733:	    printf("Cards Left: %d\n", supplyCount(choice1, state));
        -:  734:	  }
        -:  735:	}
    #####:  736:	else if (state->coins < getCost(choice1)){
    #####:  737:	  printf("That card is too expensive!\n");
        -:  738:
        -:  739:	  if (DEBUG){
        -:  740:	    printf("Coins: %d < %d\n", state->coins, getCost(choice1));
        -:  741:	  }
        -:  742:	}
        -:  743:	else{
        -:  744:
        -:  745:	  if (DEBUG){
        -:  746:	    printf("Deck Count: %d\n", state->handCount[currentPlayer] + state->deckCount[currentPlayer] + state->discardCount[currentPlayer]);
        -:  747:	  }
        -:  748:
    #####:  749:	  gainCard(choice1, state, 0, currentPlayer);//Gain the card
    #####:  750:	  x = 0;//No more buying cards
        -:  751:
        -:  752:	  if (DEBUG){
        -:  753:	    printf("Deck Count: %d\n", state->handCount[currentPlayer] + state->deckCount[currentPlayer] + state->discardCount[currentPlayer]);
        -:  754:	  }
        -:  755:
        -:  756:	}
        -:  757:      }     
        -:  758:
        -:  759:      //Reset Hand
    #####:  760:      for (i = 0; i <= state->handCount[currentPlayer]; i++){
    #####:  761:	state->hand[currentPlayer][i] = temphand[i];
    #####:  762:	temphand[i] = -1;
        -:  763:      }
        -:  764:      //Reset Hand
        -:  765:      			
    #####:  766:      return 0;
        -:  767:			
        -:  768:    case gardens:
    #####:  769:      return -1;
        -:  770:			
        -:  771:    case mine:
    #####:  772:      j = state->hand[currentPlayer][choice1];  //store card we will trash
        -:  773:
    #####:  774:      if (state->hand[currentPlayer][choice1] < copper || state->hand[currentPlayer][choice1] > gold)
        -:  775:	{
    #####:  776:	  return -1;
        -:  777:	}
        -:  778:		
    #####:  779:      if (choice2 > treasure_map || choice2 < curse)
        -:  780:	{
    #####:  781:	  return -1;
        -:  782:	}
        -:  783:
    #####:  784:      if ( (getCost(state->hand[currentPlayer][choice1]) + 3) > getCost(choice2) )
        -:  785:	{
    #####:  786:	  return -1;
        -:  787:	}
        -:  788:
    #####:  789:      gainCard(choice2, state, 2, currentPlayer);
        -:  790:
        -:  791:      //discard card from hand
    #####:  792:      discardCard(handPos, currentPlayer, state, 0);
        -:  793:
        -:  794:      //discard trashed card
    #####:  795:      for (i = 0; i < state->handCount[currentPlayer]; i++)
        -:  796:	{
    #####:  797:	  if (state->hand[currentPlayer][i] == j)
        -:  798:	    {
    #####:  799:	      discardCard(i, currentPlayer, state, 0);			
    #####:  800:	      break;
        -:  801:	    }
        -:  802:	}
        -:  803:			
    #####:  804:      return 0;
        -:  805:			
        -:  806:    case remodel:
    #####:  807:      j = state->hand[currentPlayer][choice1];  //store card we will trash
        -:  808:
    #####:  809:      if ( (getCost(state->hand[currentPlayer][choice1]) + 2) > getCost(choice2) )
        -:  810:	{
    #####:  811:	  return -1;
        -:  812:	}
        -:  813:
    #####:  814:      gainCard(choice2, state, 0, currentPlayer);
        -:  815:
        -:  816:      //discard card from hand
    #####:  817:      discardCard(handPos, currentPlayer, state, 0);
        -:  818:
        -:  819:      //discard trashed card
    #####:  820:      for (i = 0; i < state->handCount[currentPlayer]; i++)
        -:  821:	{
    #####:  822:	  if (state->hand[currentPlayer][i] == j)
        -:  823:	    {
    #####:  824:	      discardCard(i, currentPlayer, state, 0);			
    #####:  825:	      break;
        -:  826:	    }
        -:  827:	}
        -:  828:
        -:  829:
    #####:  830:      return 0;
        -:  831:		
        -:  832:    case smithy:
   200000:  833:      smithyEffect(i, currentPlayer, state, handPos);
        -:  834: //      //+3 Cards
        -:  835: //      for (i = 0; i < 3; i++)
        -:  836:	// {
        -:  837:	//   drawCard(currentPlayer, state);
        -:  838:	// }
        -:  839:			
        -:  840: //      //discard card from hand
        -:  841: //      discardCard(handPos, currentPlayer, state, 0);
   200000:  842:      return 0;
        -:  843:		
        -:  844:    case village:
   100000:  845:      villageEffect(currentPlayer, state, handPos);
        -:  846:      // //+1 Card
        -:  847:      // drawCard(currentPlayer, state);
        -:  848:			
        -:  849:      // //+2 Actions
        -:  850:      // state->numActions = state->numActions + 2;
        -:  851:			
        -:  852:      // //discard played card from hand
        -:  853:      // discardCard(handPos, currentPlayer, state, 0);
   100000:  854:      return 0;
        -:  855:		
        -:  856:    case baron:
    #####:  857:      state->numBuys++;//Increase buys by 1!
    #####:  858:      if (choice1 > 0){//Boolean true or going to discard an estate
    #####:  859:	int p = 0;//Iterator for hand!
    #####:  860:	int card_not_discarded = 1;//Flag for discard set!
    #####:  861:	while(card_not_discarded){
    #####:  862:	  if (state->hand[currentPlayer][p] == estate){//Found an estate card!
    #####:  863:	    state->coins += 4;//Add 4 coins to the amount of coins
    #####:  864:	    state->discard[currentPlayer][state->discardCount[currentPlayer]] = state->hand[currentPlayer][p];
    #####:  865:	    state->discardCount[currentPlayer]++;
    #####:  866:	    for (;p < state->handCount[currentPlayer]; p++){
    #####:  867:	      state->hand[currentPlayer][p] = state->hand[currentPlayer][p+1];
        -:  868:	    }
    #####:  869:	    state->hand[currentPlayer][state->handCount[currentPlayer]] = -1;
    #####:  870:	    state->handCount[currentPlayer]--;
    #####:  871:	    card_not_discarded = 0;//Exit the loop
        -:  872:	  }
    #####:  873:	  else if (p > state->handCount[currentPlayer]){
        -:  874:	    if(DEBUG) {
        -:  875:	      printf("No estate cards in your hand, invalid choice\n");
        -:  876:	      printf("Must gain an estate if there are any\n");
        -:  877:	    }
    #####:  878:	    if (supplyCount(estate, state) > 0){
    #####:  879:	      gainCard(estate, state, 0, currentPlayer);
    #####:  880:	      state->supplyCount[estate]--;//Decrement estates
    #####:  881:	      if (supplyCount(estate, state) == 0){
    #####:  882:		isGameOver(state);
        -:  883:	      }
        -:  884:	    }
    #####:  885:	    card_not_discarded = 0;//Exit the loop
        -:  886:	  }
        -:  887:			    
        -:  888:	  else{
    #####:  889:	    p++;//Next card
        -:  890:	  }
        -:  891:	}
        -:  892:      }
        -:  893:			    
        -:  894:      else{
    #####:  895:	if (supplyCount(estate, state) > 0){
    #####:  896:	  gainCard(estate, state, 0, currentPlayer);//Gain an estate
    #####:  897:	  state->supplyCount[estate]--;//Decrement Estates
    #####:  898:	  if (supplyCount(estate, state) == 0){
    #####:  899:	    isGameOver(state);
        -:  900:	  }
        -:  901:	}
        -:  902:      }
        -:  903:	    
        -:  904:      
    #####:  905:      return 0;
        -:  906:		
        -:  907:    case great_hall:
    #####:  908:      great_hallEffect(currentPlayer, state, handPos);
        -:  909:      // //+1 Card
        -:  910:      // drawCard(currentPlayer, state);
        -:  911:			
        -:  912:      // //+1 Actions
        -:  913:      // state->numActions++;
        -:  914:			
        -:  915:      // //discard card from hand
        -:  916:      // discardCard(handPos, currentPlayer, state, 0);
    #####:  917:      return 0;
        -:  918:		
        -:  919:    case minion:
        -:  920:      //+1 action
    #####:  921:      state->numActions++;
        -:  922:			
        -:  923:      //discard card from hand
    #####:  924:      discardCard(handPos, currentPlayer, state, 0);
        -:  925:			
    #####:  926:      if (choice1)		//+2 coins
        -:  927:	{
    #####:  928:	  state->coins = state->coins + 2;
        -:  929:	}
        -:  930:			
    #####:  931:      else if (choice2)		//discard hand, redraw 4, other players with 5+ cards discard hand and draw 4
        -:  932:	{
        -:  933:	  //discard hand
    #####:  934:	  while(numHandCards(state) > 0)
        -:  935:	    {
    #####:  936:	      discardCard(handPos, currentPlayer, state, 0);
        -:  937:	    }
        -:  938:				
        -:  939:	  //draw 4
    #####:  940:	  for (i = 0; i < 4; i++)
        -:  941:	    {
    #####:  942:	      drawCard(currentPlayer, state);
        -:  943:	    }
        -:  944:				
        -:  945:	  //other players discard hand and redraw if hand size > 4
    #####:  946:	  for (i = 0; i < state->numPlayers; i++)
        -:  947:	    {
    #####:  948:	      if (i != currentPlayer)
        -:  949:		{
    #####:  950:		  if ( state->handCount[i] > 4 )
        -:  951:		    {
        -:  952:		      //discard hand
    #####:  953:		      while( state->handCount[i] > 0 )
        -:  954:			{
    #####:  955:			  discardCard(handPos, i, state, 0);
        -:  956:			}
        -:  957:							
        -:  958:		      //draw 4
    #####:  959:		      for (j = 0; j < 4; j++)
        -:  960:			{
    #####:  961:			  drawCard(i, state);
        -:  962:			}
        -:  963:		    }
        -:  964:		}
        -:  965:	    }
        -:  966:				
        -:  967:	}
    #####:  968:      return 0;
        -:  969:		
        -:  970:    case steward:
    #####:  971:      stewardEffect(choice1, currentPlayer, state, choice2, choice3, handPos);
        -:  972: //      if (choice1 == 1)
        -:  973:	// {
        -:  974:	//   //+2 cards
        -:  975:	//   drawCard(currentPlayer, state);
        -:  976:	//   drawCard(currentPlayer, state);
        -:  977:	// }
        -:  978: //      else if (choice1 == 2)
        -:  979:	// {
        -:  980:	//   //+2 coins
        -:  981:	//   state->coins = state->coins + 2;
        -:  982:	// }
        -:  983: //      else
        -:  984:	// {
        -:  985:	//   //trash 2 cards in hand
        -:  986:	//   discardCard(choice2, currentPlayer, state, 1);
        -:  987:	//   discardCard(choice3, currentPlayer, state, 1);
        -:  988:	// }
        -:  989:			
        -:  990: //      //discard card from hand
        -:  991: //      discardCard(handPos, currentPlayer, state, 0);
    #####:  992:      return 0;
        -:  993:		
        -:  994:    case tribute:
    #####:  995:      if ((state->discardCount[nextPlayer] + state->deckCount[nextPlayer]) <= 1){
    #####:  996:	if (state->deckCount[nextPlayer] > 0){
    #####:  997:	  tributeRevealedCards[0] = state->deck[nextPlayer][state->deckCount[nextPlayer]-1];
    #####:  998:	  state->deckCount[nextPlayer]--;
        -:  999:	}
    #####: 1000:	else if (state->discardCount[nextPlayer] > 0){
    #####: 1001:	  tributeRevealedCards[0] = state->discard[nextPlayer][state->discardCount[nextPlayer]-1];
    #####: 1002:	  state->discardCount[nextPlayer]--;
        -: 1003:	}
        -: 1004:	else{
        -: 1005:	  //No Card to Reveal
        -: 1006:	  if (DEBUG){
        -: 1007:	    printf("No cards to reveal\n");
        -: 1008:	  }
        -: 1009:	}
        -: 1010:      }
        -: 1011:	    
        -: 1012:      else{
    #####: 1013:	if (state->deckCount[nextPlayer] == 0){
    #####: 1014:	  for (i = 0; i < state->discardCount[nextPlayer]; i++){
    #####: 1015:	    state->deck[nextPlayer][i] = state->discard[nextPlayer][i];//Move to deck
    #####: 1016:	    state->deckCount[nextPlayer]++;
    #####: 1017:	    state->discard[nextPlayer][i] = -1;
    #####: 1018:	    state->discardCount[nextPlayer]--;
        -: 1019:	  }
        -: 1020:			    
    #####: 1021:	  shuffle(nextPlayer,state);//Shuffle the deck
        -: 1022:	} 
    #####: 1023:	tributeRevealedCards[0] = state->deck[nextPlayer][state->deckCount[nextPlayer]-1];
    #####: 1024:	state->deck[nextPlayer][state->deckCount[nextPlayer]--] = -1;
    #####: 1025:	state->deckCount[nextPlayer]--;
    #####: 1026:	tributeRevealedCards[1] = state->deck[nextPlayer][state->deckCount[nextPlayer]-1];
    #####: 1027:	state->deck[nextPlayer][state->deckCount[nextPlayer]--] = -1;
    #####: 1028:	state->deckCount[nextPlayer]--;
        -: 1029:      }    
        -: 1030:		       
    #####: 1031:      if (tributeRevealedCards[0] == tributeRevealedCards[1]){//If we have a duplicate card, just drop one 
    #####: 1032:	state->playedCards[state->playedCardCount] = tributeRevealedCards[1];
    #####: 1033:	state->playedCardCount++;
    #####: 1034:	tributeRevealedCards[1] = -1;
        -: 1035:      }
        -: 1036:
    #####: 1037:      for (i = 0; i <= 2; i ++){
    #####: 1038:	if (tributeRevealedCards[i] == copper || tributeRevealedCards[i] == silver || tributeRevealedCards[i] == gold){//Treasure cards
    #####: 1039:	  state->coins += 2;
        -: 1040:	}
        -: 1041:		    
    #####: 1042:	else if (tributeRevealedCards[i] == estate || tributeRevealedCards[i] == duchy || tributeRevealedCards[i] == province || tributeRevealedCards[i] == gardens || tributeRevealedCards[i] == great_hall){//Victory Card Found
    #####: 1043:	  drawCard(currentPlayer, state);
    #####: 1044:	  drawCard(currentPlayer, state);
        -: 1045:	}
        -: 1046:	else{//Action Card
    #####: 1047:	  state->numActions = state->numActions + 2;
        -: 1048:	}
        -: 1049:      }
        -: 1050:	    
    #####: 1051:      return 0;
        -: 1052:		
        -: 1053:    case ambassador:
    #####: 1054:      j = 0;		//used to check if player has enough cards to discard
        -: 1055:
    #####: 1056:      if (choice2 > 2 || choice2 < 0)
        -: 1057:	{
    #####: 1058:	  return -1;				
        -: 1059:	}
        -: 1060:
    #####: 1061:      if (choice1 == handPos)
        -: 1062:	{
    #####: 1063:	  return -1;
        -: 1064:	}
        -: 1065:
    #####: 1066:      for (i = 0; i < state->handCount[currentPlayer]; i++)
        -: 1067:	{
    #####: 1068:	  if (i != handPos && i == state->hand[currentPlayer][choice1] && i != choice1)
        -: 1069:	    {
    #####: 1070:	      j++;
        -: 1071:	    }
        -: 1072:	}
    #####: 1073:      if (j < choice2)
        -: 1074:	{
    #####: 1075:	  return -1;				
        -: 1076:	}
        -: 1077:
        -: 1078:      if (DEBUG) 
        -: 1079:	printf("Player %d reveals card number: %d\n", currentPlayer, state->hand[currentPlayer][choice1]);
        -: 1080:
        -: 1081:      //increase supply count for choosen card by amount being discarded
    #####: 1082:      state->supplyCount[state->hand[currentPlayer][choice1]] += choice2;
        -: 1083:			
        -: 1084:      //each other player gains a copy of revealed card
    #####: 1085:      for (i = 0; i < state->numPlayers; i++)
        -: 1086:	{
    #####: 1087:	  if (i != currentPlayer)
        -: 1088:	    {
    #####: 1089:	      gainCard(state->hand[currentPlayer][choice1], state, 0, i);
        -: 1090:	    }
        -: 1091:	}
        -: 1092:
        -: 1093:      //discard played card from hand
    #####: 1094:      discardCard(handPos, currentPlayer, state, 0);			
        -: 1095:
        -: 1096:      //trash copies of cards returned to supply
    #####: 1097:      for (j = 0; j < choice2; j++)
        -: 1098:	{
    #####: 1099:	  for (i = 0; i < state->handCount[currentPlayer]; i++)
        -: 1100:	    {
    #####: 1101:	      if (state->hand[currentPlayer][i] == state->hand[currentPlayer][choice1])
        -: 1102:		{
    #####: 1103:		  discardCard(i, currentPlayer, state, 1);
    #####: 1104:		  break;
        -: 1105:		}
        -: 1106:	    }
        -: 1107:	}			
        -: 1108:
    #####: 1109:      return 0;
        -: 1110:		
        -: 1111:    case cutpurse:
        -: 1112:
    #####: 1113:      updateCoins(currentPlayer, state, 2);
    #####: 1114:      for (i = 0; i < state->numPlayers; i++)
        -: 1115:	{
    #####: 1116:	  if (i != currentPlayer)
        -: 1117:	    {
    #####: 1118:	      for (j = 0; j < state->handCount[i]; j++)
        -: 1119:		{
    #####: 1120:		  if (state->hand[i][j] == copper)
        -: 1121:		    {
    #####: 1122:		      discardCard(j, i, state, 0);
    #####: 1123:		      break;
        -: 1124:		    }
    #####: 1125:		  if (j == state->handCount[i])
        -: 1126:		    {
    #####: 1127:		      for (k = 0; k < state->handCount[i]; k++)
        -: 1128:			{
        -: 1129:			  if (DEBUG)
        -: 1130:			    printf("Player %d reveals card number %d\n", i, state->hand[i][k]);
        -: 1131:			}	
    #####: 1132:		      break;
        -: 1133:		    }		
        -: 1134:		}
        -: 1135:					
        -: 1136:	    }
        -: 1137:				
        -: 1138:	}				
        -: 1139:
        -: 1140:      //discard played card from hand
    #####: 1141:      discardCard(handPos, currentPlayer, state, 0);			
        -: 1142:
    #####: 1143:      return 0;
        -: 1144:
        -: 1145:		
        -: 1146:    case embargo: 
        -: 1147:      //+2 Coins
    #####: 1148:      state->coins = state->coins + 2;
        -: 1149:			
        -: 1150:      //see if selected pile is in play
    #####: 1151:      if ( state->supplyCount[choice1] == -1 )
        -: 1152:	{
    #####: 1153:	  return -1;
        -: 1154:	}
        -: 1155:			
        -: 1156:      //add embargo token to selected supply pile
    #####: 1157:      state->embargoTokens[choice1]++;
        -: 1158:			
        -: 1159:      //trash card
    #####: 1160:      discardCard(handPos, currentPlayer, state, 1);		
    #####: 1161:      return 0;
        -: 1162:		
        -: 1163:    case outpost:
        -: 1164:      //set outpost flag
    #####: 1165:      state->outpostPlayed++;
        -: 1166:			
        -: 1167:      //discard card
    #####: 1168:      discardCard(handPos, currentPlayer, state, 0);
    #####: 1169:      return 0;
        -: 1170:		
        -: 1171:    case salvager:
        -: 1172:      //+1 buy
    #####: 1173:      state->numBuys++;
        -: 1174:			
    #####: 1175:      if (choice1)
        -: 1176:	{
        -: 1177:	  //gain coins equal to trashed card
    #####: 1178:	  state->coins = state->coins + getCost( handCard(choice1, state) );
        -: 1179:	  //trash card
    #####: 1180:	  discardCard(choice1, currentPlayer, state, 1);	
        -: 1181:	}
        -: 1182:			
        -: 1183:      //discard card
    #####: 1184:      discardCard(handPos, currentPlayer, state, 0);
    #####: 1185:      return 0;
        -: 1186:		
        -: 1187:    case sea_hag:
    #####: 1188:      for (i = 0; i < state->numPlayers; i++){
    #####: 1189:	if (i != currentPlayer){
    #####: 1190:	  state->discard[i][state->discardCount[i]] = state->deck[i][state->deckCount[i]--];			    state->deckCount[i]--;
    #####: 1191:	  state->discardCount[i]++;
    #####: 1192:	  state->deck[i][state->deckCount[i]--] = curse;//Top card now a curse
        -: 1193:	}
        -: 1194:      }
    #####: 1195:      return 0;
        -: 1196:		
        -: 1197:    case treasure_map:
        -: 1198:      //search hand for another treasure_map
    #####: 1199:      index = -1;
    #####: 1200:      for (i = 0; i < state->handCount[currentPlayer]; i++)
        -: 1201:	{
    #####: 1202:	  if (state->hand[currentPlayer][i] == treasure_map && i != handPos)
        -: 1203:	    {
    #####: 1204:	      index = i;
    #####: 1205:	      break;
        -: 1206:	    }
        -: 1207:	}
    #####: 1208:      if (index > -1)
        -: 1209:	{
        -: 1210:	  //trash both treasure cards
    #####: 1211:	  discardCard(handPos, currentPlayer, state, 1);
    #####: 1212:	  discardCard(index, currentPlayer, state, 1);
        -: 1213:
        -: 1214:	  //gain 4 Gold cards
    #####: 1215:	  for (i = 0; i < 4; i++)
        -: 1216:	    {
    #####: 1217:	      gainCard(gold, state, 1, currentPlayer);
        -: 1218:	    }
        -: 1219:				
        -: 1220:	  //return success
    #####: 1221:	  return 1;
        -: 1222:	}
        -: 1223:			
        -: 1224:      //no second treasure_map found in hand
    #####: 1225:      return -1;
        -: 1226:    }
        -: 1227:	
    #####: 1228:  return -1;
        -: 1229:}
        -: 1230:
   300000: 1231:int discardCard(int handPos, int currentPlayer, struct gameState *state, int trashFlag)
        -: 1232:{
        -: 1233:	
        -: 1234:  //if card is not trashed, added to Played pile 
   300000: 1235:  if (trashFlag < 1)
        -: 1236:    {
        -: 1237:      //add card to played pile
   200000: 1238:      state->playedCards[state->playedCardCount] = state->hand[currentPlayer][handPos]; 
   200000: 1239:      state->playedCardCount++;
        -: 1240:    }
        -: 1241:	
        -: 1242:  //set played card to -1
   300000: 1243:  state->hand[currentPlayer][handPos] = -1;
        -: 1244:	
        -: 1245:  //remove card from player's hand
   300000: 1246:  if ( handPos == (state->handCount[currentPlayer] - 1) ) 	//last card in hand array is played
        -: 1247:    {
        -: 1248:      //reduce number of cards in hand
    #####: 1249:      state->handCount[currentPlayer]--;
        -: 1250:    }
   300000: 1251:  else if ( state->handCount[currentPlayer] == 1 ) //only one card in hand
        -: 1252:    {
        -: 1253:      //reduce number of cards in hand
    #####: 1254:      state->handCount[currentPlayer]--;
        -: 1255:    }
        -: 1256:  else 	
        -: 1257:    {
        -: 1258:      //replace discarded card with last card in hand
   300000: 1259:      state->hand[currentPlayer][handPos] = state->hand[currentPlayer][ (state->handCount[currentPlayer] - 1)];
        -: 1260:      //set last card to -1
   300000: 1261:      state->hand[currentPlayer][state->handCount[currentPlayer] - 1] = -1;
        -: 1262:      //reduce number of cards in hand
   300000: 1263:      state->handCount[currentPlayer]--;
        -: 1264:    }
        -: 1265:	
   300000: 1266:  return 0;
        -: 1267:}
        -: 1268:
    #####: 1269:int gainCard(int supplyPos, struct gameState *state, int toFlag, int player)
        -: 1270:{
        -: 1271:  //Note: supplyPos is enum of choosen card
        -: 1272:	
        -: 1273:  //check if supply pile is empty (0) or card is not used in game (-1)
    #####: 1274:  if ( supplyCount(supplyPos, state) < 1 )
        -: 1275:    {
    #####: 1276:      return -1;
        -: 1277:    }
        -: 1278:	
        -: 1279:  //added card for [whoseTurn] current player:
        -: 1280:  // toFlag = 0 : add to discard
        -: 1281:  // toFlag = 1 : add to deck
        -: 1282:  // toFlag = 2 : add to hand
        -: 1283:
    #####: 1284:  if (toFlag == 1)
        -: 1285:    {
    #####: 1286:      state->deck[ player ][ state->deckCount[player] ] = supplyPos;
    #####: 1287:      state->deckCount[player]++;
        -: 1288:    }
    #####: 1289:  else if (toFlag == 2)
        -: 1290:    {
    #####: 1291:      state->hand[ player ][ state->handCount[player] ] = supplyPos;
    #####: 1292:      state->handCount[player]++;
        -: 1293:    }
        -: 1294:  else
        -: 1295:    {
    #####: 1296:      state->discard[player][ state->discardCount[player] ] = supplyPos;
    #####: 1297:      state->discardCount[player]++;
        -: 1298:    }
        -: 1299:	
        -: 1300:  //decrease number in supply pile
    #####: 1301:  state->supplyCount[supplyPos]--;
        -: 1302:	 
    #####: 1303:  return 0;
        -: 1304:}
        -: 1305:
   400000: 1306:int updateCoins(int player, struct gameState *state, int bonus)
        -: 1307:{
        -: 1308:  int i;
        -: 1309:	
        -: 1310:  //reset coin count
   400000: 1311:  state->coins = 0;
        -: 1312:
        -: 1313:  //add coins for each Treasure card in player's hand
  2400000: 1314:  for (i = 0; i < state->handCount[player]; i++)
        -: 1315:    {
  2000000: 1316:      if (state->hand[player][i] == copper)
        -: 1317:	{
  1600000: 1318:	  state->coins += 1;
        -: 1319:	}
   400000: 1320:      else if (state->hand[player][i] == silver)
        -: 1321:	{
    #####: 1322:	  state->coins += 2;
        -: 1323:	}
   400000: 1324:      else if (state->hand[player][i] == gold)
        -: 1325:	{
    #####: 1326:	  state->coins += 3;
        -: 1327:	}	
        -: 1328:    }	
        -: 1329:
        -: 1330:  //add bonus
   400000: 1331:  state->coins += bonus;
        -: 1332:
   400000: 1333:  return 0;
        -: 1334:}
        -: 1335:
        -: 1336:
        -: 1337:/******************* NEW CODE *******************/
        -: 1338://Adventurer
   100000: 1339:void adventurerEffect(int drawntreasure, struct gameState * state, int currentPlayer, int cardDrawn, int temphand[], int z)
        -: 1340:{
  1017130: 1341:  while (drawntreasure < 2)
        -: 1342:  {
   817130: 1343:    if (state->deckCount[currentPlayer] < 1) //if the deck is empty we need to shuffle discard and add to deck
        -: 1344:    {
    24186: 1345:        shuffle(currentPlayer, state);
        -: 1346:    }
        -: 1347:
   817130: 1348:    drawCard(currentPlayer, state);
   817130: 1349:    cardDrawn = state->hand[currentPlayer][state->handCount[currentPlayer] - 1]; //top card of hand is most recently drawn card.
        -: 1350:  
   817130: 1351:    if (cardDrawn == copper || cardDrawn == silver || cardDrawn == gold)
        -: 1352:    {
   200000: 1353:        drawntreasure++;
        -: 1354:    }
        -: 1355:    else
        -: 1356:    {
   617130: 1357:        temphand[z] = cardDrawn;
   617130: 1358:        state->handCount[currentPlayer]--; //this should just remove the top card (the most recently drawn one).
   617130: 1359:        z++;
        -: 1360:    }
        -: 1361:    }
        -: 1362:    
        -: 1363:    //Bug originally added, but fixed during unit testing to avoid seg fault  
   817130: 1364:    while ((z - 1) >= 0) //BUG ADDED:  original line: while ((z - 1) >= 0)
        -: 1365:    {
   617130: 1366:    	state->discard[currentPlayer][state->discardCount[currentPlayer]++] = temphand[z - 1]; // discard all cards in play that have been drawn
   617130: 1367:    	z = z - 1;
        -: 1368:    }
   100000: 1369:}
        -: 1370:
        -: 1371://Smithy
   200000: 1372:void smithyEffect(int i, int currentPlayer, struct gameState * state, int handPos)
        -: 1373:{
        -: 1374:  //+3 Cards
  1000000: 1375:  for (i = 0; i <= 3; i++) //BUG ADDED: original line: for (i = 0; i < 3; i++)
        -: 1376:  {
   800000: 1377:      drawCard(currentPlayer, state);
        -: 1378:  }
        -: 1379:      
        -: 1380:    //discard card from hand
   200000: 1381:  discardCard(handPos, currentPlayer, state, 0);
   200000: 1382:}
        -: 1383:
        -: 1384://Village
   100000: 1385:void villageEffect(int currentPlayer, struct gameState * state, int handPos)
        -: 1386:{
        -: 1387:  //+1 Card
   100000: 1388:  drawCard(currentPlayer, state);
        -: 1389:      
        -: 1390:  //+2 Actions
   100000: 1391:  state->numActions = state->numActions + 2;
        -: 1392:      
        -: 1393:  //discard played card from hand
   100000: 1394:  discardCard(handPos, currentPlayer, state, 1); //BUG ADDED: original line: discardCard(handPos, currentPlayer, state, 0);
   100000: 1395:}
        -: 1396:
        -: 1397://Great Hall
    #####: 1398:void great_hallEffect(int currentPlayer, struct gameState * state, int handPos)
        -: 1399:{
        -: 1400:  //+1 Card
    #####: 1401:  drawCard(currentPlayer, state);
        -: 1402:  
        -: 1403:  //+1 Actions
    #####: 1404:  state->numActions--; //BUG ADDED: original line: state->numActions++;
        -: 1405:  
        -: 1406:  //discard card from hand
    #####: 1407:  discardCard(handPos, currentPlayer, state, 0);
    #####: 1408:}
        -: 1409:
        -: 1410://Steward
    #####: 1411:void stewardEffect(int choice1, int currentPlayer, struct gameState * state, int choice2, int choice3, int handPos)
        -: 1412:{
    #####: 1413:  if (choice1 == 1)
        -: 1414:  {
        -: 1415:    //+2 cards
    #####: 1416:    drawCard(currentPlayer, state);
    #####: 1417:    drawCard(currentPlayer, state);
        -: 1418:  }
    #####: 1419:  else if (choice1 == 2)
        -: 1420:  {
        -: 1421:    //+2 coins
    #####: 1422:    state->coins = state->coins + 2;
        -: 1423:  }
        -: 1424:  else
        -: 1425:  {
        -: 1426:    //trash 2 cards in hand
    #####: 1427:    discardCard(choice2, currentPlayer, state, 1);
    #####: 1428:    discardCard(choice3, currentPlayer, state, 1);
        -: 1429:  }
        -: 1430:
        -: 1431:  //discard card from hand
    #####: 1432:  discardCard(handPos, currentPlayer, state, 0);
    #####: 1433:}
        -: 1434:
        -: 1435:
        -: 1436://end of dominion.c
